<?xml version="1.0" encoding="UTF-8"?>
<testng-results ignored="0" total="1" passed="1" failed="0" skipped="0">
  <reporter-output>
  </reporter-output>
  <suite started-at="2025-03-11T20:00:52 IST" name="Default suite" finished-at="2025-03-11T20:00:55 IST" duration-ms="3427">
    <groups>
    </groups>
    <test started-at="2025-03-11T20:00:52 IST" name="Default test" finished-at="2025-03-11T20:00:55 IST" duration-ms="3427">
      <class name="basic.testcase.VerifyResponseGetABoardTest">
        <test-method signature="verifyResponseBody()[pri:0, instance:basic.testcase.VerifyResponseGetABoardTest@7d8995e]" started-at="2025-03-11T20:00:52 IST" name="verifyResponseBody" finished-at="2025-03-11T20:00:55 IST" duration-ms="3345" status="PASS">
          <reporter-output>
          </reporter-output>
        </test-method> <!-- verifyResponseBody -->
      </class> <!-- basic.testcase.VerifyResponseGetABoardTest -->
    </test> <!-- Default test -->
  </suite> <!-- Default suite -->
</testng-results>
